<?xml version="1.0" encoding="UTF-8"?>
<!-- Generated by org.testng.reporters.JUnitReportReporter -->
<testsuite hostname="DESKTOP-IQUBR8Q" failures="0" tests="1" name="org.last.fm.LoginCheckTest" time="11.317" errors="0" timestamp="2023-04-29T18:38:44 IST" skipped="0">
  <testcase classname="org.last.fm.LoginCheckTest" name="logincheck" time="11.317"/>
  <system-out/>
</testsuite> <!-- org.last.fm.LoginCheckTest -->
