<?xml version="1.0" encoding="UTF-8"?>
<!-- Generated by org.testng.reporters.JUnitReportReporter -->
<testsuite hostname="DESKTOP-IQUBR8Q" failures="0" tests="1" name="org.last.fm.LogOutTest" time="8.012" errors="0" timestamp="2023-04-29T18:38:44 IST" skipped="0">
  <testcase classname="org.last.fm.LogOutTest" name="logoutVerification" time="8.012"/>
  <system-out/>
</testsuite> <!-- org.last.fm.LogOutTest -->
