<?xml version="1.0" encoding="UTF-8"?>
<!-- Generated by org.testng.reporters.JUnitReportReporter -->
<testsuite hostname="DESKTOP-IQUBR8Q" failures="0" tests="1" name="org.last.fm.RemoveSongFromPlaylistTest" time="14.344" errors="0" timestamp="2023-04-29T18:38:44 IST" skipped="0">
  <testcase classname="org.last.fm.RemoveSongFromPlaylistTest" name="removesongfromplaylist" time="14.344"/>
  <system-out/>
</testsuite> <!-- org.last.fm.RemoveSongFromPlaylistTest -->
